CRITICAL - 2020-04-17 08:58:06 --> Class 'App\Controllers\Controller' not found
#0 /opt/lampp/htdocs/belajar-ci/vendor/codeigniter4/framework/system/Router/Router.php(549): include_once()
#1 /opt/lampp/htdocs/belajar-ci/vendor/codeigniter4/framework/system/Router/Router.php(192): CodeIgniter\Router\Router->autoRoute('halo')
#2 /opt/lampp/htdocs/belajar-ci/vendor/codeigniter4/framework/system/CodeIgniter.php(785): CodeIgniter\Router\Router->handle('halo')
#3 /opt/lampp/htdocs/belajar-ci/vendor/codeigniter4/framework/system/CodeIgniter.php(358): CodeIgniter\CodeIgniter->tryToRouteIt(Object(CodeIgniter\Router\RouteCollection))
#4 /opt/lampp/htdocs/belajar-ci/vendor/codeigniter4/framework/system/CodeIgniter.php(306): CodeIgniter\CodeIgniter->handleRequest(NULL, Object(Config\Cache), false)
#5 /opt/lampp/htdocs/belajar-ci/public/index.php(45): CodeIgniter\CodeIgniter->run()
#6 /opt/lampp/htdocs/belajar-ci/vendor/codeigniter4/framework/system/Commands/Server/rewrite.php(34): require_once('/opt/lampp/htdo...')
#7 {main}
CRITICAL - 2020-04-17 09:55:25 --> Class 'Controller\Controller' not found
#0 /opt/lampp/htdocs/belajar-ci/vendor/codeigniter4/framework/system/Router/Router.php(549): include_once()
#1 /opt/lampp/htdocs/belajar-ci/vendor/codeigniter4/framework/system/Router/Router.php(192): CodeIgniter\Router\Router->autoRoute('barang')
#2 /opt/lampp/htdocs/belajar-ci/vendor/codeigniter4/framework/system/CodeIgniter.php(785): CodeIgniter\Router\Router->handle('barang')
#3 /opt/lampp/htdocs/belajar-ci/vendor/codeigniter4/framework/system/CodeIgniter.php(358): CodeIgniter\CodeIgniter->tryToRouteIt(Object(CodeIgniter\Router\RouteCollection))
#4 /opt/lampp/htdocs/belajar-ci/vendor/codeigniter4/framework/system/CodeIgniter.php(306): CodeIgniter\CodeIgniter->handleRequest(NULL, Object(Config\Cache), false)
#5 /opt/lampp/htdocs/belajar-ci/public/index.php(45): CodeIgniter\CodeIgniter->run()
#6 /opt/lampp/htdocs/belajar-ci/vendor/codeigniter4/framework/system/Commands/Server/rewrite.php(34): require_once('/opt/lampp/htdo...')
#7 {main}
CRITICAL - 2020-04-17 09:55:46 --> Class 'Controller\Controller' not found
#0 /opt/lampp/htdocs/belajar-ci/vendor/codeigniter4/framework/system/Router/Router.php(549): include_once()
#1 /opt/lampp/htdocs/belajar-ci/vendor/codeigniter4/framework/system/Router/Router.php(192): CodeIgniter\Router\Router->autoRoute('barang')
#2 /opt/lampp/htdocs/belajar-ci/vendor/codeigniter4/framework/system/CodeIgniter.php(785): CodeIgniter\Router\Router->handle('barang')
#3 /opt/lampp/htdocs/belajar-ci/vendor/codeigniter4/framework/system/CodeIgniter.php(358): CodeIgniter\CodeIgniter->tryToRouteIt(Object(CodeIgniter\Router\RouteCollection))
#4 /opt/lampp/htdocs/belajar-ci/vendor/codeigniter4/framework/system/CodeIgniter.php(306): CodeIgniter\CodeIgniter->handleRequest(NULL, Object(Config\Cache), false)
#5 /opt/lampp/htdocs/belajar-ci/public/index.php(45): CodeIgniter\CodeIgniter->run()
#6 /opt/lampp/htdocs/belajar-ci/vendor/codeigniter4/framework/system/Commands/Server/rewrite.php(34): require_once('/opt/lampp/htdo...')
#7 {main}
CRITICAL - 2020-04-17 09:56:23 --> Class 'Controller\Controller' not found
#0 /opt/lampp/htdocs/belajar-ci/vendor/codeigniter4/framework/system/Router/Router.php(549): include_once()
#1 /opt/lampp/htdocs/belajar-ci/vendor/codeigniter4/framework/system/Router/Router.php(192): CodeIgniter\Router\Router->autoRoute('barang')
#2 /opt/lampp/htdocs/belajar-ci/vendor/codeigniter4/framework/system/CodeIgniter.php(785): CodeIgniter\Router\Router->handle('barang')
#3 /opt/lampp/htdocs/belajar-ci/vendor/codeigniter4/framework/system/CodeIgniter.php(358): CodeIgniter\CodeIgniter->tryToRouteIt(Object(CodeIgniter\Router\RouteCollection))
#4 /opt/lampp/htdocs/belajar-ci/vendor/codeigniter4/framework/system/CodeIgniter.php(306): CodeIgniter\CodeIgniter->handleRequest(NULL, Object(Config\Cache), false)
#5 /opt/lampp/htdocs/belajar-ci/public/index.php(45): CodeIgniter\CodeIgniter->run()
#6 /opt/lampp/htdocs/belajar-ci/vendor/codeigniter4/framework/system/Commands/Server/rewrite.php(34): require_once('/opt/lampp/htdo...')
#7 {main}
CRITICAL - 2020-04-17 10:10:12 --> Invalid argument supplied for foreach()
#0 /opt/lampp/htdocs/belajar-ci/app/Views/barang_view.php(21): CodeIgniter\Debug\Exceptions->errorHandler(2, 'Invalid argumen...', '/opt/lampp/htdo...', 21, Array)
#1 /opt/lampp/htdocs/belajar-ci/vendor/codeigniter4/framework/system/View/View.php(236): include('/opt/lampp/htdo...')
#2 /opt/lampp/htdocs/belajar-ci/vendor/codeigniter4/framework/system/Common.php(1071): CodeIgniter\View\View->render('barang_view', Array, true)
#3 /opt/lampp/htdocs/belajar-ci/app/Controllers/Barang.php(14): view('barang_view', Array)
#4 /opt/lampp/htdocs/belajar-ci/vendor/codeigniter4/framework/system/CodeIgniter.php(910): App\Controllers\Barang->index()
#5 /opt/lampp/htdocs/belajar-ci/vendor/codeigniter4/framework/system/CodeIgniter.php(398): CodeIgniter\CodeIgniter->runController(Object(App\Controllers\Barang))
#6 /opt/lampp/htdocs/belajar-ci/vendor/codeigniter4/framework/system/CodeIgniter.php(306): CodeIgniter\CodeIgniter->handleRequest(NULL, Object(Config\Cache), false)
#7 /opt/lampp/htdocs/belajar-ci/public/index.php(45): CodeIgniter\CodeIgniter->run()
#8 /opt/lampp/htdocs/belajar-ci/vendor/codeigniter4/framework/system/Commands/Server/rewrite.php(34): require_once('/opt/lampp/htdo...')
#9 {main}
CRITICAL - 2020-04-17 10:39:38 --> Call to a member function setFlashdata() on null
#0 /opt/lampp/htdocs/belajar-ci/vendor/codeigniter4/framework/system/CodeIgniter.php(910): App\Controllers\Barang->add()
#1 /opt/lampp/htdocs/belajar-ci/vendor/codeigniter4/framework/system/CodeIgniter.php(398): CodeIgniter\CodeIgniter->runController(Object(App\Controllers\Barang))
#2 /opt/lampp/htdocs/belajar-ci/vendor/codeigniter4/framework/system/CodeIgniter.php(306): CodeIgniter\CodeIgniter->handleRequest(NULL, Object(Config\Cache), false)
#3 /opt/lampp/htdocs/belajar-ci/public/index.php(45): CodeIgniter\CodeIgniter->run()
#4 /opt/lampp/htdocs/belajar-ci/vendor/codeigniter4/framework/system/Commands/Server/rewrite.php(34): require_once('/opt/lampp/htdo...')
#5 {main}
CRITICAL - 2020-04-17 11:11:20 --> Class 'App\Controllers\Product_model' not found
#0 /opt/lampp/htdocs/belajar-ci/vendor/codeigniter4/framework/system/CodeIgniter.php(910): App\Controllers\Barang->edit('1')
#1 /opt/lampp/htdocs/belajar-ci/vendor/codeigniter4/framework/system/CodeIgniter.php(398): CodeIgniter\CodeIgniter->runController(Object(App\Controllers\Barang))
#2 /opt/lampp/htdocs/belajar-ci/vendor/codeigniter4/framework/system/CodeIgniter.php(306): CodeIgniter\CodeIgniter->handleRequest(NULL, Object(Config\Cache), false)
#3 /opt/lampp/htdocs/belajar-ci/public/index.php(45): CodeIgniter\CodeIgniter->run()
#4 /opt/lampp/htdocs/belajar-ci/vendor/codeigniter4/framework/system/Commands/Server/rewrite.php(34): require_once('/opt/lampp/htdo...')
#5 {main}
CRITICAL - 2020-04-17 11:25:18 --> Object of class App\Models\Barang_model could not be converted to string
#0 /opt/lampp/htdocs/belajar-ci/app/Controllers/Barang.php(75): App\Models\Barang_model->editBarang(Array, NULL)
#1 /opt/lampp/htdocs/belajar-ci/vendor/codeigniter4/framework/system/CodeIgniter.php(910): App\Controllers\Barang->update()
#2 /opt/lampp/htdocs/belajar-ci/vendor/codeigniter4/framework/system/CodeIgniter.php(398): CodeIgniter\CodeIgniter->runController(Object(App\Controllers\Barang))
#3 /opt/lampp/htdocs/belajar-ci/vendor/codeigniter4/framework/system/CodeIgniter.php(306): CodeIgniter\CodeIgniter->handleRequest(NULL, Object(Config\Cache), false)
#4 /opt/lampp/htdocs/belajar-ci/public/index.php(45): CodeIgniter\CodeIgniter->run()
#5 /opt/lampp/htdocs/belajar-ci/vendor/codeigniter4/framework/system/Commands/Server/rewrite.php(34): require_once('/opt/lampp/htdo...')
#6 {main}
CRITICAL - 2020-04-17 11:56:16 --> You have an error in your SQL syntax; check the manual that corresponds to your MariaDB server version for the right syntax to use near 'IS NULL' at line 3
#0 /opt/lampp/htdocs/belajar-ci/vendor/codeigniter4/framework/system/Database/MySQLi/Connection.php(330): mysqli->query('DELETE FROM `ba...')
#1 /opt/lampp/htdocs/belajar-ci/vendor/codeigniter4/framework/system/Database/BaseConnection.php(738): CodeIgniter\Database\MySQLi\Connection->execute('DELETE FROM `ba...')
#2 /opt/lampp/htdocs/belajar-ci/vendor/codeigniter4/framework/system/Database/BaseConnection.php(666): CodeIgniter\Database\BaseConnection->simpleQuery('DELETE FROM `ba...')
#3 /opt/lampp/htdocs/belajar-ci/vendor/codeigniter4/framework/system/Database/BaseBuilder.php(2798): CodeIgniter\Database\BaseConnection->query('DELETE FROM `ba...', Array, false)
#4 /opt/lampp/htdocs/belajar-ci/app/Models/Barang_model.php(36): CodeIgniter\Database\BaseBuilder->delete(NULL)
#5 /opt/lampp/htdocs/belajar-ci/app/Controllers/Barang.php(88): App\Models\Barang_model->hapusBarang(NULL, '3')
#6 /opt/lampp/htdocs/belajar-ci/vendor/codeigniter4/framework/system/CodeIgniter.php(910): App\Controllers\Barang->hapus('3')
#7 /opt/lampp/htdocs/belajar-ci/vendor/codeigniter4/framework/system/CodeIgniter.php(398): CodeIgniter\CodeIgniter->runController(Object(App\Controllers\Barang))
#8 /opt/lampp/htdocs/belajar-ci/vendor/codeigniter4/framework/system/CodeIgniter.php(306): CodeIgniter\CodeIgniter->handleRequest(NULL, Object(Config\Cache), false)
#9 /opt/lampp/htdocs/belajar-ci/public/index.php(45): CodeIgniter\CodeIgniter->run()
#10 /opt/lampp/htdocs/belajar-ci/vendor/codeigniter4/framework/system/Commands/Server/rewrite.php(34): require_once('/opt/lampp/htdo...')
#11 {main}
